
=== Wed Sep  1 20:55:53 2021

Packages were changed.
Update Mode: updateDependencies

The following packages were updated:
  com.unity.collab-proxy from version 1.7.1 to 1.9.0

=== Wed Oct 13 17:07:44 2021

Packages were changed.
Update Mode: updateDependencies

The following packages were updated:
  com.unity.collab-proxy from version 1.9.0 to 1.11.2

=== Mon Oct 25 17:18:11 2021

Packages were changed.
Update Mode: updateDependencies

The following packages were updated:
  com.unity.collab-proxy from version 1.11.2 to 1.13.5

=== Wed Nov 24 22:17:49 2021

Packages were changed.
Update Mode: updateDependencies

The following packages were updated:
  com.unity.2d.animation from version 6.0.7 to 7.0.1
  com.unity.2d.psdimporter from version 5.0.6 to 6.0.1
  com.unity.2d.spriteshape from version 6.0.2 to 7.0.2
  com.unity.collab-proxy from version 1.13.5 to 1.15.1
  com.unity.timeline from version 1.5.7 to 1.6.2
  com.unity.visualscripting from version 1.6.1 to 1.7.5
